<?xml version="1.0" encoding="UTF-8"?>
<coverage generated="1617893324894" clover="3.2.0">
  <project timestamp="1617893324894" name="All files">
    <metrics statements="139" coveredstatements="117" conditionals="45" coveredconditionals="35" methods="61" coveredmethods="50" elements="245" coveredelements="202" complexity="0" loc="139" ncloc="139" packages="4" files="19" classes="19"/>
    <package name="src">
      <metrics statements="11" coveredstatements="1" conditionals="6" coveredconditionals="0" methods="3" coveredmethods="1"/>
      <file name="App.js" path="C:\Users\077863\Documents\my-weather-app\src\App.js">
        <metrics statements="1" coveredstatements="1" conditionals="0" coveredconditionals="0" methods="1" coveredmethods="1"/>
        <line num="14" count="7" type="stmt"/>
      </file>
      <file name="index.js" path="C:\Users\077863\Documents\my-weather-app\src\index.js">
        <metrics statements="2" coveredstatements="0" conditionals="2" coveredconditionals="0" methods="0" coveredmethods="0"/>
        <line num="10" count="0" type="stmt"/>
        <line num="15" count="0" type="stmt"/>
      </file>
      <file name="reportWebVitals.js" path="C:\Users\077863\Documents\my-weather-app\src\reportWebVitals.js">
        <metrics statements="8" coveredstatements="0" conditionals="4" coveredconditionals="0" methods="2" coveredmethods="0"/>
        <line num="1" count="0" type="stmt"/>
        <line num="2" count="0" type="cond" truecount="0" falsecount="4"/>
        <line num="3" count="0" type="stmt"/>
        <line num="4" count="0" type="stmt"/>
        <line num="5" count="0" type="stmt"/>
        <line num="6" count="0" type="stmt"/>
        <line num="7" count="0" type="stmt"/>
        <line num="8" count="0" type="stmt"/>
      </file>
    </package>
    <package name="src.components">
      <metrics statements="78" coveredstatements="70" conditionals="19" coveredconditionals="17" methods="42" coveredmethods="35"/>
      <file name="About.js" path="C:\Users\077863\Documents\my-weather-app\src\components\About.js">
        <metrics statements="9" coveredstatements="7" conditionals="2" coveredconditionals="2" methods="6" coveredmethods="4"/>
        <line num="15" count="2" type="stmt"/>
        <line num="25" count="2" type="stmt"/>
        <line num="27" count="2" type="stmt"/>
        <line num="38" count="0" type="stmt"/>
        <line num="41" count="12" type="stmt"/>
        <line num="55" count="2" type="stmt"/>
        <line num="59" count="2" type="stmt"/>
        <line num="60" count="2" type="stmt"/>
        <line num="61" count="0" type="stmt"/>
      </file>
      <file name="Contact.js" path="C:\Users\077863\Documents\my-weather-app\src\components\Contact.js">
        <metrics statements="28" coveredstatements="27" conditionals="7" coveredconditionals="6" methods="10" coveredmethods="10"/>
        <line num="10" count="3" type="stmt"/>
        <line num="11" count="4" type="stmt"/>
        <line num="12" count="4" type="stmt"/>
        <line num="13" count="4" type="stmt"/>
        <line num="17" count="4" type="cond" truecount="4" falsecount="1"/>
        <line num="19" count="1" type="stmt"/>
        <line num="20" count="1" type="stmt"/>
        <line num="22" count="1" type="stmt"/>
        <line num="23" count="1" type="stmt"/>
        <line num="25" count="1" type="stmt"/>
        <line num="26" count="1" type="stmt"/>
        <line num="28" count="1" type="stmt"/>
        <line num="29" count="1" type="stmt"/>
        <line num="31" count="0" type="stmt"/>
        <line num="39" count="3" type="stmt"/>
        <line num="40" count="1" type="stmt"/>
        <line num="51" count="1" type="stmt"/>
        <line num="53" count="1" type="stmt"/>
        <line num="55" count="1" type="stmt"/>
        <line num="59" count="8" type="stmt"/>
        <line num="118" count="8" type="stmt"/>
        <line num="126" count="2" type="stmt"/>
        <line num="127" count="3" type="stmt"/>
        <line num="128" count="1" type="stmt"/>
        <line num="129" count="1" type="stmt"/>
        <line num="130" count="1" type="stmt"/>
        <line num="131" count="1" type="stmt"/>
        <line num="132" count="1" type="stmt"/>
      </file>
      <file name="Home.js" path="C:\Users\077863\Documents\my-weather-app\src\components\Home.js">
        <metrics statements="9" coveredstatements="5" conditionals="0" coveredconditionals="0" methods="7" coveredmethods="3"/>
        <line num="7" count="3" type="stmt"/>
        <line num="13" count="3" type="stmt"/>
        <line num="20" count="0" type="stmt"/>
        <line num="21" count="0" type="stmt"/>
        <line num="27" count="3" type="stmt"/>
        <line num="31" count="1" type="stmt"/>
        <line num="32" count="3" type="stmt"/>
        <line num="33" count="0" type="stmt"/>
        <line num="34" count="0" type="stmt"/>
      </file>
      <file name="NavbarMenu.js" path="C:\Users\077863\Documents\my-weather-app\src\components\NavbarMenu.js">
        <metrics statements="1" coveredstatements="1" conditionals="0" coveredconditionals="0" methods="1" coveredmethods="1"/>
        <line num="6" count="6" type="stmt"/>
      </file>
      <file name="NoMatch.js" path="C:\Users\077863\Documents\my-weather-app\src\components\NoMatch.js">
        <metrics statements="1" coveredstatements="1" conditionals="0" coveredconditionals="0" methods="1" coveredmethods="1"/>
        <line num="3" count="1" type="stmt"/>
      </file>
      <file name="Weather.js" path="C:\Users\077863\Documents\my-weather-app\src\components\Weather.js">
        <metrics statements="27" coveredstatements="26" conditionals="8" coveredconditionals="8" methods="15" coveredmethods="14"/>
        <line num="19" count="13" type="stmt"/>
        <line num="22" count="2" type="cond" truecount="2" falsecount="0"/>
        <line num="23" count="1" type="stmt"/>
        <line num="25" count="1" type="stmt"/>
        <line num="31" count="13" type="stmt"/>
        <line num="32" count="8" type="cond" truecount="2" falsecount="0"/>
        <line num="33" count="2" type="stmt"/>
        <line num="34" count="2" type="stmt"/>
        <line num="35" count="2" type="stmt"/>
        <line num="36" count="0" type="stmt"/>
        <line num="39" count="8" type="stmt"/>
        <line num="40" count="8" type="stmt"/>
        <line num="45" count="13" type="stmt"/>
        <line num="46" count="2" type="stmt"/>
        <line num="48" count="2" type="stmt"/>
        <line num="49" count="2" type="stmt"/>
        <line num="59" count="13" type="cond" truecount="2" falsecount="0"/>
        <line num="60" count="11" type="stmt"/>
        <line num="68" count="2" type="stmt"/>
        <line num="94" count="2" type="stmt"/>
        <line num="98" count="15" type="stmt"/>
        <line num="105" count="2" type="stmt"/>
        <line num="106" count="4" type="stmt"/>
        <line num="107" count="10" type="stmt"/>
        <line num="108" count="2" type="stmt"/>
        <line num="109" count="2" type="stmt"/>
        <line num="110" count="1" type="stmt"/>
      </file>
      <file name="store.js" path="C:\Users\077863\Documents\my-weather-app\src\components\store.js">
        <metrics statements="1" coveredstatements="1" conditionals="0" coveredconditionals="0" methods="0" coveredmethods="0"/>
        <line num="7" count="4" type="stmt"/>
      </file>
      <file name="test.utils.js" path="C:\Users\077863\Documents\my-weather-app\src\components\test.utils.js">
        <metrics statements="2" coveredstatements="2" conditionals="2" coveredconditionals="1" methods="2" coveredmethods="2"/>
        <line num="19" count="1" type="stmt"/>
        <line num="21" count="1" type="stmt"/>
      </file>
    </package>
    <package name="src.components.actions">
      <metrics statements="24" coveredstatements="22" conditionals="0" coveredconditionals="0" methods="12" coveredmethods="10"/>
      <file name="HomeAction.js" path="C:\Users\077863\Documents\my-weather-app\src\components\actions\HomeAction.js">
        <metrics statements="4" coveredstatements="2" conditionals="0" coveredconditionals="0" methods="2" coveredmethods="0"/>
        <line num="1" count="1" type="stmt"/>
        <line num="2" count="0" type="stmt"/>
        <line num="8" count="1" type="stmt"/>
        <line num="9" count="0" type="stmt"/>
      </file>
      <file name="aboutAction.js" path="C:\Users\077863\Documents\my-weather-app\src\components\actions\aboutAction.js">
        <metrics statements="2" coveredstatements="2" conditionals="0" coveredconditionals="0" methods="1" coveredmethods="1"/>
        <line num="1" count="2" type="stmt"/>
        <line num="2" count="3" type="stmt"/>
      </file>
      <file name="contactAction.js" path="C:\Users\077863\Documents\my-weather-app\src\components\actions\contactAction.js">
        <metrics statements="10" coveredstatements="10" conditionals="0" coveredconditionals="0" methods="5" coveredmethods="5"/>
        <line num="1" count="2" type="stmt"/>
        <line num="2" count="3" type="stmt"/>
        <line num="8" count="2" type="stmt"/>
        <line num="9" count="3" type="stmt"/>
        <line num="15" count="2" type="stmt"/>
        <line num="16" count="3" type="stmt"/>
        <line num="22" count="2" type="stmt"/>
        <line num="23" count="3" type="stmt"/>
        <line num="29" count="2" type="stmt"/>
        <line num="30" count="3" type="stmt"/>
      </file>
      <file name="weatherAction.js" path="C:\Users\077863\Documents\my-weather-app\src\components\actions\weatherAction.js">
        <metrics statements="8" coveredstatements="8" conditionals="0" coveredconditionals="0" methods="4" coveredmethods="4"/>
        <line num="1" count="2" type="stmt"/>
        <line num="2" count="12" type="stmt"/>
        <line num="8" count="2" type="stmt"/>
        <line num="9" count="4" type="stmt"/>
        <line num="15" count="2" type="stmt"/>
        <line num="16" count="4" type="stmt"/>
        <line num="22" count="2" type="stmt"/>
        <line num="23" count="3" type="stmt"/>
      </file>
    </package>
    <package name="src.components.reducers">
      <metrics statements="26" coveredstatements="24" conditionals="20" coveredconditionals="18" methods="4" coveredmethods="4"/>
      <file name="HomeReducer.js" path="C:\Users\077863\Documents\my-weather-app\src\components\reducers\HomeReducer.js">
        <metrics statements="5" coveredstatements="3" conditionals="4" coveredconditionals="2" methods="1" coveredmethods="1"/>
        <line num="1" count="4" type="cond" truecount="1" falsecount="0"/>
        <line num="2" count="32" type="cond" truecount="1" falsecount="2"/>
        <line num="4" count="0" type="stmt"/>
        <line num="6" count="0" type="stmt"/>
        <line num="8" count="32" type="stmt"/>
      </file>
      <file name="aboutReducer.js" path="C:\Users\077863\Documents\my-weather-app\src\components\reducers\aboutReducer.js">
        <metrics statements="4" coveredstatements="4" conditionals="3" coveredconditionals="3" methods="1" coveredmethods="1"/>
        <line num="1" count="4" type="cond" truecount="1" falsecount="0"/>
        <line num="2" count="35" type="cond" truecount="2" falsecount="0"/>
        <line num="4" count="1" type="stmt"/>
        <line num="6" count="34" type="stmt"/>
      </file>
      <file name="contactReducer.js" path="C:\Users\077863\Documents\my-weather-app\src\components\reducers\contactReducer.js">
        <metrics statements="9" coveredstatements="9" conditionals="7" coveredconditionals="7" methods="1" coveredmethods="1"/>
        <line num="1" count="4" type="stmt"/>
        <line num="9" count="4" type="cond" truecount="1" falsecount="0"/>
        <line num="10" count="38" type="cond" truecount="6" falsecount="0"/>
        <line num="12" count="2" type="stmt"/>
        <line num="17" count="2" type="stmt"/>
        <line num="22" count="2" type="stmt"/>
        <line num="27" count="2" type="stmt"/>
        <line num="32" count="2" type="stmt"/>
        <line num="37" count="28" type="stmt"/>
      </file>
      <file name="weatherReducer.js" path="C:\Users\077863\Documents\my-weather-app\src\components\reducers\weatherReducer.js">
        <metrics statements="8" coveredstatements="8" conditionals="6" coveredconditionals="6" methods="1" coveredmethods="1"/>
        <line num="1" count="4" type="stmt"/>
        <line num="8" count="4" type="cond" truecount="1" falsecount="0"/>
        <line num="9" count="32" type="cond" truecount="5" falsecount="0"/>
        <line num="11" count="10" type="stmt"/>
        <line num="16" count="2" type="stmt"/>
        <line num="21" count="2" type="stmt"/>
        <line num="26" count="1" type="stmt"/>
        <line num="31" count="17" type="stmt"/>
      </file>
    </package>
  </project>
</coverage>
