{"C:\\Users\\077863\\Documents\\my-weather-app\\src\\App.js": {"path":"C:\\Users\\077863\\Documents\\my-weather-app\\src\\App.js","statementMap":{"0":{"start":{"line":14,"column":2},"end":{"line":38,"column":4}}},"fnMap":{"0":{"name":"App","decl":{"start":{"line":13,"column":9},"end":{"line":13,"column":12}},"loc":{"start":{"line":13,"column":15},"end":{"line":39,"column":1}},"line":13}},"branchMap":{},"s":{"0":7},"f":{"0":7},"b":{},"_coverageSchema":"1a1c01bbd47fc00a2c39e90264f33305004495a9","hash":"77904cd417283b2a2a7639430e98cf9a50d36152"}
,"C:\\Users\\077863\\Documents\\my-weather-app\\src\\index.js": {"path":"C:\\Users\\077863\\Documents\\my-weather-app\\src\\index.js","statementMap":{"0":{"start":{"line":10,"column":14},"end":{"line":13,"column":1}},"1":{"start":{"line":15,"column":0},"end":{"line":22,"column":2}}},"fnMap":{},"branchMap":{"0":{"loc":{"start":{"line":12,"column":2},"end":{"line":12,"column":78}},"type":"binary-expr","locations":[{"start":{"line":12,"column":2},"end":{"line":12,"column":37}},{"start":{"line":12,"column":41},"end":{"line":12,"column":78}}],"line":12}},"s":{"0":0,"1":0},"f":{},"b":{"0":[0,0]}}
,"C:\\Users\\077863\\Documents\\my-weather-app\\src\\reportWebVitals.js": {"path":"C:\\Users\\077863\\Documents\\my-weather-app\\src\\reportWebVitals.js","statementMap":{"0":{"start":{"line":1,"column":24},"end":{"line":11,"column":1}},"1":{"start":{"line":2,"column":2},"end":{"line":10,"column":3}},"2":{"start":{"line":3,"column":4},"end":{"line":9,"column":7}},"3":{"start":{"line":4,"column":6},"end":{"line":4,"column":26}},"4":{"start":{"line":5,"column":6},"end":{"line":5,"column":26}},"5":{"start":{"line":6,"column":6},"end":{"line":6,"column":26}},"6":{"start":{"line":7,"column":6},"end":{"line":7,"column":26}},"7":{"start":{"line":8,"column":6},"end":{"line":8,"column":27}}},"fnMap":{"0":{"name":"(anonymous_0)","decl":{"start":{"line":1,"column":24},"end":{"line":1,"column":25}},"loc":{"start":{"line":1,"column":39},"end":{"line":11,"column":1}},"line":1},"1":{"name":"(anonymous_1)","decl":{"start":{"line":3,"column":30},"end":{"line":3,"column":31}},"loc":{"start":{"line":3,"column":79},"end":{"line":9,"column":5}},"line":3}},"branchMap":{"0":{"loc":{"start":{"line":2,"column":2},"end":{"line":10,"column":3}},"type":"if","locations":[{"start":{"line":2,"column":2},"end":{"line":10,"column":3}},{"start":{"line":2,"column":2},"end":{"line":10,"column":3}}],"line":2},"1":{"loc":{"start":{"line":2,"column":6},"end":{"line":2,"column":52}},"type":"binary-expr","locations":[{"start":{"line":2,"column":6},"end":{"line":2,"column":17}},{"start":{"line":2,"column":21},"end":{"line":2,"column":52}}],"line":2}},"s":{"0":0,"1":0,"2":0,"3":0,"4":0,"5":0,"6":0,"7":0},"f":{"0":0,"1":0},"b":{"0":[0,0],"1":[0,0]}}
,"C:\\Users\\077863\\Documents\\my-weather-app\\src\\components\\About.js": {"path":"C:\\Users\\077863\\Documents\\my-weather-app\\src\\components\\About.js","statementMap":{"0":{"start":{"line":15,"column":20},"end":{"line":22,"column":5}},"1":{"start":{"line":25,"column":27},"end":{"line":25,"column":32}},"2":{"start":{"line":27,"column":4},"end":{"line":52,"column":6}},"3":{"start":{"line":38,"column":71},"end":{"line":38,"column":80}},"4":{"start":{"line":41,"column":34},"end":{"line":41,"column":136}},"5":{"start":{"line":55,"column":26},"end":{"line":57,"column":4}},"6":{"start":{"line":55,"column":36},"end":{"line":57,"column":3}},"7":{"start":{"line":59,"column":29},"end":{"line":63,"column":3}},"8":{"start":{"line":60,"column":4},"end":{"line":62,"column":5}},"9":{"start":{"line":61,"column":24},"end":{"line":61,"column":44}}},"fnMap":{"0":{"name":"About","decl":{"start":{"line":9,"column":9},"end":{"line":9,"column":14}},"loc":{"start":{"line":9,"column":22},"end":{"line":53,"column":1}},"line":9},"1":{"name":"(anonymous_1)","decl":{"start":{"line":38,"column":66},"end":{"line":38,"column":67}},"loc":{"start":{"line":38,"column":71},"end":{"line":38,"column":80}},"line":38},"2":{"name":"(anonymous_2)","decl":{"start":{"line":41,"column":24},"end":{"line":41,"column":25}},"loc":{"start":{"line":41,"column":34},"end":{"line":41,"column":136}},"line":41},"3":{"name":"(anonymous_3)","decl":{"start":{"line":55,"column":26},"end":{"line":55,"column":27}},"loc":{"start":{"line":55,"column":36},"end":{"line":57,"column":3}},"line":55},"4":{"name":"(anonymous_4)","decl":{"start":{"line":59,"column":29},"end":{"line":59,"column":30}},"loc":{"start":{"line":59,"column":43},"end":{"line":63,"column":3}},"line":59},"5":{"name":"(anonymous_5)","decl":{"start":{"line":61,"column":16},"end":{"line":61,"column":17}},"loc":{"start":{"line":61,"column":24},"end":{"line":61,"column":44}},"line":61}},"branchMap":{"0":{"loc":{"start":{"line":44,"column":17},"end":{"line":48,"column":23}},"type":"binary-expr","locations":[{"start":{"line":44,"column":17},"end":{"line":44,"column":19}},{"start":{"line":45,"column":20},"end":{"line":48,"column":23}}],"line":44}},"s":{"0":2,"1":2,"2":2,"3":0,"4":12,"5":2,"6":2,"7":2,"8":2,"9":0},"f":{"0":2,"1":0,"2":12,"3":2,"4":2,"5":0},"b":{"0":[2,1]},"_coverageSchema":"1a1c01bbd47fc00a2c39e90264f33305004495a9","hash":"12c6788e54df43a305673414c7ca7000cb2f51dc"}
,"C:\\Users\\077863\\Documents\\my-weather-app\\src\\components\\Contact.js": {"path":"C:\\Users\\077863\\Documents\\my-weather-app\\src\\components\\Contact.js","statementMap":{"0":{"start":{"line":10,"column":19},"end":{"line":37,"column":5}},"1":{"start":{"line":11,"column":23},"end":{"line":11,"column":35}},"2":{"start":{"line":12,"column":22},"end":{"line":12,"column":34}},"3":{"start":{"line":13,"column":21},"end":{"line":13,"column":32}},"4":{"start":{"line":17,"column":8},"end":{"line":36,"column":9}},"5":{"start":{"line":19,"column":16},"end":{"line":19,"column":42}},"6":{"start":{"line":20,"column":16},"end":{"line":20,"column":21}},"7":{"start":{"line":22,"column":16},"end":{"line":22,"column":45}},"8":{"start":{"line":23,"column":16},"end":{"line":23,"column":21}},"9":{"start":{"line":25,"column":16},"end":{"line":25,"column":45}},"10":{"start":{"line":26,"column":16},"end":{"line":26,"column":21}},"11":{"start":{"line":28,"column":16},"end":{"line":28,"column":43}},"12":{"start":{"line":29,"column":16},"end":{"line":29,"column":21}},"13":{"start":{"line":31,"column":16},"end":{"line":31,"column":42}},"14":{"start":{"line":39,"column":15},"end":{"line":56,"column":5}},"15":{"start":{"line":40,"column":8},"end":{"line":40,"column":30}},"16":{"start":{"line":51,"column":8},"end":{"line":51,"column":38}},"17":{"start":{"line":53,"column":8},"end":{"line":53,"column":28}},"18":{"start":{"line":55,"column":8},"end":{"line":55,"column":20}},"19":{"start":{"line":59,"column":8},"end":{"line":114,"column":9}},"20":{"start":{"line":118,"column":26},"end":{"line":124,"column":4}},"21":{"start":{"line":118,"column":36},"end":{"line":124,"column":3}},"22":{"start":{"line":126,"column":29},"end":{"line":134,"column":3}},"23":{"start":{"line":127,"column":4},"end":{"line":133,"column":5}},"24":{"start":{"line":128,"column":28},"end":{"line":128,"column":52}},"25":{"start":{"line":129,"column":34},"end":{"line":129,"column":64}},"26":{"start":{"line":130,"column":34},"end":{"line":130,"column":64}},"27":{"start":{"line":131,"column":30},"end":{"line":131,"column":56}},"28":{"start":{"line":132,"column":34},"end":{"line":132,"column":64}}},"fnMap":{"0":{"name":"(anonymous_0)","decl":{"start":{"line":10,"column":19},"end":{"line":10,"column":20}},"loc":{"start":{"line":10,"column":30},"end":{"line":37,"column":5}},"line":10},"1":{"name":"(anonymous_1)","decl":{"start":{"line":39,"column":15},"end":{"line":39,"column":16}},"loc":{"start":{"line":39,"column":26},"end":{"line":56,"column":5}},"line":39},"2":{"name":"(anonymous_2)","decl":{"start":{"line":58,"column":4},"end":{"line":58,"column":5}},"loc":{"start":{"line":58,"column":13},"end":{"line":115,"column":5}},"line":58},"3":{"name":"(anonymous_3)","decl":{"start":{"line":118,"column":26},"end":{"line":118,"column":27}},"loc":{"start":{"line":118,"column":36},"end":{"line":124,"column":3}},"line":118},"4":{"name":"(anonymous_4)","decl":{"start":{"line":126,"column":29},"end":{"line":126,"column":30}},"loc":{"start":{"line":126,"column":43},"end":{"line":134,"column":3}},"line":126},"5":{"name":"(anonymous_5)","decl":{"start":{"line":128,"column":18},"end":{"line":128,"column":19}},"loc":{"start":{"line":128,"column":28},"end":{"line":128,"column":52}},"line":128},"6":{"name":"(anonymous_6)","decl":{"start":{"line":129,"column":21},"end":{"line":129,"column":22}},"loc":{"start":{"line":129,"column":34},"end":{"line":129,"column":64}},"line":129},"7":{"name":"(anonymous_7)","decl":{"start":{"line":130,"column":21},"end":{"line":130,"column":22}},"loc":{"start":{"line":130,"column":34},"end":{"line":130,"column":64}},"line":130},"8":{"name":"(anonymous_8)","decl":{"start":{"line":131,"column":19},"end":{"line":131,"column":20}},"loc":{"start":{"line":131,"column":30},"end":{"line":131,"column":56}},"line":131},"9":{"name":"(anonymous_9)","decl":{"start":{"line":132,"column":23},"end":{"line":132,"column":24}},"loc":{"start":{"line":132,"column":34},"end":{"line":132,"column":64}},"line":132}},"branchMap":{"0":{"loc":{"start":{"line":17,"column":8},"end":{"line":36,"column":9}},"type":"switch","locations":[{"start":{"line":18,"column":12},"end":{"line":20,"column":21}},{"start":{"line":21,"column":12},"end":{"line":23,"column":21}},{"start":{"line":24,"column":12},"end":{"line":26,"column":21}},{"start":{"line":27,"column":12},"end":{"line":29,"column":21}},{"start":{"line":30,"column":12},"end":{"line":31,"column":42}}],"line":17},"1":{"loc":{"start":{"line":100,"column":13},"end":{"line":110,"column":19}},"type":"binary-expr","locations":[{"start":{"line":100,"column":13},"end":{"line":100,"column":35}},{"start":{"line":101,"column":16},"end":{"line":110,"column":19}}],"line":100}},"s":{"0":3,"1":4,"2":4,"3":4,"4":4,"5":1,"6":1,"7":1,"8":1,"9":1,"10":1,"11":1,"12":1,"13":0,"14":3,"15":1,"16":1,"17":1,"18":1,"19":8,"20":2,"21":8,"22":2,"23":3,"24":1,"25":1,"26":1,"27":1,"28":1},"f":{"0":4,"1":1,"2":8,"3":8,"4":3,"5":1,"6":1,"7":1,"8":1,"9":1},"b":{"0":[1,1,1,1,0],"1":[8,1]},"_coverageSchema":"1a1c01bbd47fc00a2c39e90264f33305004495a9","hash":"cf0990b6967e491707d685cd03b98fd95110b84c"}
,"C:\\Users\\077863\\Documents\\my-weather-app\\src\\components\\Home.js": {"path":"C:\\Users\\077863\\Documents\\my-weather-app\\src\\components\\Home.js","statementMap":{"0":{"start":{"line":7,"column":42},"end":{"line":7,"column":47}},"1":{"start":{"line":13,"column":2},"end":{"line":24,"column":4}},"2":{"start":{"line":20,"column":31},"end":{"line":20,"column":42}},"3":{"start":{"line":21,"column":31},"end":{"line":21,"column":42}},"4":{"start":{"line":27,"column":26},"end":{"line":29,"column":2}},"5":{"start":{"line":27,"column":36},"end":{"line":29,"column":1}},"6":{"start":{"line":31,"column":27},"end":{"line":36,"column":1}},"7":{"start":{"line":32,"column":2},"end":{"line":35,"column":3}},"8":{"start":{"line":33,"column":23},"end":{"line":33,"column":45}},"9":{"start":{"line":34,"column":23},"end":{"line":34,"column":45}}},"fnMap":{"0":{"name":"Home","decl":{"start":{"line":5,"column":9},"end":{"line":5,"column":13}},"loc":{"start":{"line":5,"column":21},"end":{"line":25,"column":1}},"line":5},"1":{"name":"(anonymous_1)","decl":{"start":{"line":20,"column":25},"end":{"line":20,"column":26}},"loc":{"start":{"line":20,"column":31},"end":{"line":20,"column":42}},"line":20},"2":{"name":"(anonymous_2)","decl":{"start":{"line":21,"column":25},"end":{"line":21,"column":26}},"loc":{"start":{"line":21,"column":31},"end":{"line":21,"column":42}},"line":21},"3":{"name":"(anonymous_3)","decl":{"start":{"line":27,"column":26},"end":{"line":27,"column":27}},"loc":{"start":{"line":27,"column":36},"end":{"line":29,"column":1}},"line":27},"4":{"name":"(anonymous_4)","decl":{"start":{"line":31,"column":27},"end":{"line":31,"column":28}},"loc":{"start":{"line":31,"column":41},"end":{"line":36,"column":1}},"line":31},"5":{"name":"(anonymous_5)","decl":{"start":{"line":33,"column":17},"end":{"line":33,"column":18}},"loc":{"start":{"line":33,"column":23},"end":{"line":33,"column":45}},"line":33},"6":{"name":"(anonymous_6)","decl":{"start":{"line":34,"column":17},"end":{"line":34,"column":18}},"loc":{"start":{"line":34,"column":23},"end":{"line":34,"column":45}},"line":34}},"branchMap":{},"s":{"0":3,"1":3,"2":0,"3":0,"4":1,"5":3,"6":1,"7":3,"8":0,"9":0},"f":{"0":3,"1":0,"2":0,"3":3,"4":3,"5":0,"6":0},"b":{},"_coverageSchema":"1a1c01bbd47fc00a2c39e90264f33305004495a9","hash":"86f1aa8f22ce8b336cb68057260ee3d475e0a022"}
,"C:\\Users\\077863\\Documents\\my-weather-app\\src\\components\\NavbarMenu.js": {"path":"C:\\Users\\077863\\Documents\\my-weather-app\\src\\components\\NavbarMenu.js","statementMap":{"0":{"start":{"line":6,"column":4},"end":{"line":36,"column":6}}},"fnMap":{"0":{"name":"NavbarMenu","decl":{"start":{"line":5,"column":9},"end":{"line":5,"column":19}},"loc":{"start":{"line":5,"column":22},"end":{"line":37,"column":3}},"line":5}},"branchMap":{},"s":{"0":6},"f":{"0":6},"b":{},"_coverageSchema":"1a1c01bbd47fc00a2c39e90264f33305004495a9","hash":"d6b21ac5d3df7cefffdd7e3c52534476e1bc5d1b"}
,"C:\\Users\\077863\\Documents\\my-weather-app\\src\\components\\NoMatch.js": {"path":"C:\\Users\\077863\\Documents\\my-weather-app\\src\\components\\NoMatch.js","statementMap":{"0":{"start":{"line":3,"column":4},"end":{"line":7,"column":6}}},"fnMap":{"0":{"name":"NoMatch","decl":{"start":{"line":2,"column":9},"end":{"line":2,"column":16}},"loc":{"start":{"line":2,"column":19},"end":{"line":8,"column":3}},"line":2}},"branchMap":{},"s":{"0":1},"f":{"0":1},"b":{},"_coverageSchema":"1a1c01bbd47fc00a2c39e90264f33305004495a9","hash":"a83169ce6f60a6195c55b3976bb23156d9929e00"}
,"C:\\Users\\077863\\Documents\\my-weather-app\\src\\components\\Weather.js": {"path":"C:\\Users\\077863\\Documents\\my-weather-app\\src\\components\\Weather.js","statementMap":{"0":{"start":{"line":19,"column":85},"end":{"line":19,"column":90}},"1":{"start":{"line":22,"column":8},"end":{"line":26,"column":9}},"2":{"start":{"line":23,"column":12},"end":{"line":23,"column":34}},"3":{"start":{"line":25,"column":12},"end":{"line":25,"column":27}},"4":{"start":{"line":31,"column":4},"end":{"line":43,"column":15}},"5":{"start":{"line":32,"column":8},"end":{"line":37,"column":9}},"6":{"start":{"line":33,"column":12},"end":{"line":36,"column":44}},"7":{"start":{"line":34,"column":30},"end":{"line":34,"column":53}},"8":{"start":{"line":35,"column":26},"end":{"line":35,"column":43}},"9":{"start":{"line":36,"column":28},"end":{"line":36,"column":43}},"10":{"start":{"line":39,"column":8},"end":{"line":41,"column":9}},"11":{"start":{"line":40,"column":12},"end":{"line":40,"column":27}},"12":{"start":{"line":45,"column":21},"end":{"line":50,"column":5}},"13":{"start":{"line":46,"column":8},"end":{"line":46,"column":30}},"14":{"start":{"line":48,"column":8},"end":{"line":48,"column":23}},"15":{"start":{"line":49,"column":8},"end":{"line":49,"column":28}},"16":{"start":{"line":59,"column":4},"end":{"line":95,"column":5}},"17":{"start":{"line":60,"column":8},"end":{"line":92,"column":9}},"18":{"start":{"line":68,"column":146},"end":{"line":68,"column":170}},"19":{"start":{"line":94,"column":8},"end":{"line":94,"column":38}},"20":{"start":{"line":98,"column":26},"end":{"line":103,"column":4}},"21":{"start":{"line":98,"column":36},"end":{"line":103,"column":3}},"22":{"start":{"line":105,"column":29},"end":{"line":112,"column":3}},"23":{"start":{"line":106,"column":4},"end":{"line":111,"column":5}},"24":{"start":{"line":107,"column":29},"end":{"line":107,"column":54}},"25":{"start":{"line":108,"column":31},"end":{"line":108,"column":58}},"26":{"start":{"line":109,"column":28},"end":{"line":109,"column":52}},"27":{"start":{"line":110,"column":30},"end":{"line":110,"column":56}}},"fnMap":{"0":{"name":"Weather","decl":{"start":{"line":9,"column":9},"end":{"line":9,"column":16}},"loc":{"start":{"line":9,"column":24},"end":{"line":96,"column":1}},"line":9},"1":{"name":"checkResponse","decl":{"start":{"line":21,"column":13},"end":{"line":21,"column":26}},"loc":{"start":{"line":21,"column":37},"end":{"line":28,"column":5}},"line":21},"2":{"name":"(anonymous_2)","decl":{"start":{"line":31,"column":14},"end":{"line":31,"column":15}},"loc":{"start":{"line":31,"column":20},"end":{"line":43,"column":5}},"line":31},"3":{"name":"(anonymous_3)","decl":{"start":{"line":34,"column":18},"end":{"line":34,"column":19}},"loc":{"start":{"line":34,"column":30},"end":{"line":34,"column":53}},"line":34},"4":{"name":"(anonymous_4)","decl":{"start":{"line":35,"column":18},"end":{"line":35,"column":19}},"loc":{"start":{"line":35,"column":26},"end":{"line":35,"column":43}},"line":35},"5":{"name":"(anonymous_5)","decl":{"start":{"line":36,"column":19},"end":{"line":36,"column":20}},"loc":{"start":{"line":36,"column":28},"end":{"line":36,"column":43}},"line":36},"6":{"name":"cleanup","decl":{"start":{"line":39,"column":24},"end":{"line":39,"column":31}},"loc":{"start":{"line":39,"column":35},"end":{"line":41,"column":9}},"line":39},"7":{"name":"(anonymous_7)","decl":{"start":{"line":45,"column":21},"end":{"line":45,"column":22}},"loc":{"start":{"line":45,"column":32},"end":{"line":50,"column":5}},"line":45},"8":{"name":"(anonymous_8)","decl":{"start":{"line":68,"column":141},"end":{"line":68,"column":142}},"loc":{"start":{"line":68,"column":146},"end":{"line":68,"column":170}},"line":68},"9":{"name":"(anonymous_9)","decl":{"start":{"line":98,"column":26},"end":{"line":98,"column":27}},"loc":{"start":{"line":98,"column":36},"end":{"line":103,"column":3}},"line":98},"10":{"name":"(anonymous_10)","decl":{"start":{"line":105,"column":29},"end":{"line":105,"column":30}},"loc":{"start":{"line":105,"column":43},"end":{"line":112,"column":3}},"line":105},"11":{"name":"(anonymous_11)","decl":{"start":{"line":107,"column":19},"end":{"line":107,"column":20}},"loc":{"start":{"line":107,"column":29},"end":{"line":107,"column":54}},"line":107},"12":{"name":"(anonymous_12)","decl":{"start":{"line":108,"column":21},"end":{"line":108,"column":22}},"loc":{"start":{"line":108,"column":31},"end":{"line":108,"column":58}},"line":108},"13":{"name":"(anonymous_13)","decl":{"start":{"line":109,"column":18},"end":{"line":109,"column":19}},"loc":{"start":{"line":109,"column":28},"end":{"line":109,"column":52}},"line":109},"14":{"name":"(anonymous_14)","decl":{"start":{"line":110,"column":19},"end":{"line":110,"column":20}},"loc":{"start":{"line":110,"column":30},"end":{"line":110,"column":56}},"line":110}},"branchMap":{"0":{"loc":{"start":{"line":22,"column":8},"end":{"line":26,"column":9}},"type":"if","locations":[{"start":{"line":22,"column":8},"end":{"line":26,"column":9}},{"start":{"line":22,"column":8},"end":{"line":26,"column":9}}],"line":22},"1":{"loc":{"start":{"line":32,"column":8},"end":{"line":37,"column":9}},"type":"if","locations":[{"start":{"line":32,"column":8},"end":{"line":37,"column":9}},{"start":{"line":32,"column":8},"end":{"line":37,"column":9}}],"line":32},"2":{"loc":{"start":{"line":59,"column":4},"end":{"line":95,"column":5}},"type":"if","locations":[{"start":{"line":59,"column":4},"end":{"line":95,"column":5}},{"start":{"line":59,"column":4},"end":{"line":95,"column":5}}],"line":59},"3":{"loc":{"start":{"line":79,"column":21},"end":{"line":88,"column":27}},"type":"binary-expr","locations":[{"start":{"line":79,"column":21},"end":{"line":79,"column":24}},{"start":{"line":80,"column":24},"end":{"line":88,"column":27}}],"line":79}},"s":{"0":13,"1":2,"2":1,"3":1,"4":13,"5":8,"6":2,"7":2,"8":2,"9":0,"10":8,"11":8,"12":13,"13":2,"14":2,"15":2,"16":13,"17":11,"18":2,"19":2,"20":2,"21":15,"22":2,"23":4,"24":10,"25":2,"26":2,"27":1},"f":{"0":13,"1":2,"2":8,"3":2,"4":2,"5":0,"6":8,"7":2,"8":2,"9":15,"10":4,"11":10,"12":2,"13":2,"14":1},"b":{"0":[1,1],"1":[2,6],"2":[11,2],"3":[11,5]},"_coverageSchema":"1a1c01bbd47fc00a2c39e90264f33305004495a9","hash":"37656255418c1d7a33ed8b73b890da9240576fd0"}
,"C:\\Users\\077863\\Documents\\my-weather-app\\src\\components\\store.js": {"path":"C:\\Users\\077863\\Documents\\my-weather-app\\src\\components\\store.js","statementMap":{"0":{"start":{"line":7,"column":21},"end":{"line":12,"column":2}}},"fnMap":{},"branchMap":{},"s":{"0":4},"f":{},"b":{},"_coverageSchema":"1a1c01bbd47fc00a2c39e90264f33305004495a9","hash":"9cfd8dac8460978f629c7f39c68648b842e73155"}
,"C:\\Users\\077863\\Documents\\my-weather-app\\src\\components\\test.utils.js": {"path":"C:\\Users\\077863\\Documents\\my-weather-app\\src\\components\\test.utils.js","statementMap":{"0":{"start":{"line":19,"column":4},"end":{"line":19,"column":56}},"1":{"start":{"line":21,"column":2},"end":{"line":21,"column":62}}},"fnMap":{"0":{"name":"render","decl":{"start":{"line":9,"column":9},"end":{"line":9,"column":15}},"loc":{"start":{"line":17,"column":2},"end":{"line":22,"column":1}},"line":17},"1":{"name":"Wrapper","decl":{"start":{"line":18,"column":11},"end":{"line":18,"column":18}},"loc":{"start":{"line":18,"column":33},"end":{"line":20,"column":3}},"line":18}},"branchMap":{"0":{"loc":{"start":{"line":11,"column":2},"end":{"line":16,"column":8}},"type":"default-arg","locations":[{"start":{"line":16,"column":6},"end":{"line":16,"column":8}}],"line":11},"1":{"loc":{"start":{"line":14,"column":4},"end":{"line":14,"column":46}},"type":"default-arg","locations":[{"start":{"line":14,"column":12},"end":{"line":14,"column":46}}],"line":14}},"s":{"0":1,"1":1},"f":{"0":1,"1":1},"b":{"0":[0],"1":[1]},"_coverageSchema":"1a1c01bbd47fc00a2c39e90264f33305004495a9","hash":"65750c294270a7e2e57ee21d5839ef0b4a1511d2"}
,"C:\\Users\\077863\\Documents\\my-weather-app\\src\\components\\actions\\HomeAction.js": {"path":"C:\\Users\\077863\\Documents\\my-weather-app\\src\\components\\actions\\HomeAction.js","statementMap":{"0":{"start":{"line":1,"column":25},"end":{"line":6,"column":1}},"1":{"start":{"line":2,"column":4},"end":{"line":5,"column":6}},"2":{"start":{"line":8,"column":25},"end":{"line":13,"column":1}},"3":{"start":{"line":9,"column":4},"end":{"line":12,"column":6}}},"fnMap":{"0":{"name":"(anonymous_0)","decl":{"start":{"line":1,"column":25},"end":{"line":1,"column":26}},"loc":{"start":{"line":1,"column":37},"end":{"line":6,"column":1}},"line":1},"1":{"name":"(anonymous_1)","decl":{"start":{"line":8,"column":25},"end":{"line":8,"column":26}},"loc":{"start":{"line":8,"column":37},"end":{"line":13,"column":1}},"line":8}},"branchMap":{},"s":{"0":1,"1":0,"2":1,"3":0},"f":{"0":0,"1":0},"b":{},"_coverageSchema":"1a1c01bbd47fc00a2c39e90264f33305004495a9","hash":"6ed5d97faee8377f3ef75a9fa30c847b15603b3b"}
,"C:\\Users\\077863\\Documents\\my-weather-app\\src\\components\\actions\\aboutAction.js": {"path":"C:\\Users\\077863\\Documents\\my-weather-app\\src\\components\\actions\\aboutAction.js","statementMap":{"0":{"start":{"line":1,"column":22},"end":{"line":6,"column":1}},"1":{"start":{"line":2,"column":4},"end":{"line":5,"column":6}}},"fnMap":{"0":{"name":"(anonymous_0)","decl":{"start":{"line":1,"column":22},"end":{"line":1,"column":23}},"loc":{"start":{"line":1,"column":32},"end":{"line":6,"column":1}},"line":1}},"branchMap":{},"s":{"0":2,"1":3},"f":{"0":3},"b":{},"_coverageSchema":"1a1c01bbd47fc00a2c39e90264f33305004495a9","hash":"bc143eec49f037694d642d326dfcf05fc10ea049"}
,"C:\\Users\\077863\\Documents\\my-weather-app\\src\\components\\actions\\contactAction.js": {"path":"C:\\Users\\077863\\Documents\\my-weather-app\\src\\components\\actions\\contactAction.js","statementMap":{"0":{"start":{"line":1,"column":24},"end":{"line":6,"column":1}},"1":{"start":{"line":2,"column":4},"end":{"line":5,"column":6}},"2":{"start":{"line":8,"column":27},"end":{"line":13,"column":1}},"3":{"start":{"line":9,"column":4},"end":{"line":12,"column":6}},"4":{"start":{"line":15,"column":27},"end":{"line":20,"column":1}},"5":{"start":{"line":16,"column":4},"end":{"line":19,"column":6}},"6":{"start":{"line":22,"column":25},"end":{"line":27,"column":1}},"7":{"start":{"line":23,"column":4},"end":{"line":26,"column":6}},"8":{"start":{"line":29,"column":29},"end":{"line":34,"column":1}},"9":{"start":{"line":30,"column":4},"end":{"line":33,"column":6}}},"fnMap":{"0":{"name":"(anonymous_0)","decl":{"start":{"line":1,"column":24},"end":{"line":1,"column":25}},"loc":{"start":{"line":1,"column":34},"end":{"line":6,"column":1}},"line":1},"1":{"name":"(anonymous_1)","decl":{"start":{"line":8,"column":27},"end":{"line":8,"column":28}},"loc":{"start":{"line":8,"column":40},"end":{"line":13,"column":1}},"line":8},"2":{"name":"(anonymous_2)","decl":{"start":{"line":15,"column":27},"end":{"line":15,"column":28}},"loc":{"start":{"line":15,"column":40},"end":{"line":20,"column":1}},"line":15},"3":{"name":"(anonymous_3)","decl":{"start":{"line":22,"column":25},"end":{"line":22,"column":26}},"loc":{"start":{"line":22,"column":36},"end":{"line":27,"column":1}},"line":22},"4":{"name":"(anonymous_4)","decl":{"start":{"line":29,"column":29},"end":{"line":29,"column":30}},"loc":{"start":{"line":29,"column":40},"end":{"line":34,"column":1}},"line":29}},"branchMap":{},"s":{"0":2,"1":3,"2":2,"3":3,"4":2,"5":3,"6":2,"7":3,"8":2,"9":3},"f":{"0":3,"1":3,"2":3,"3":3,"4":3},"b":{},"_coverageSchema":"1a1c01bbd47fc00a2c39e90264f33305004495a9","hash":"2ca76a2814c7f9e7bde12cce13a03a58010a7aca"}
,"C:\\Users\\077863\\Documents\\my-weather-app\\src\\components\\actions\\weatherAction.js": {"path":"C:\\Users\\077863\\Documents\\my-weather-app\\src\\components\\actions\\weatherAction.js","statementMap":{"0":{"start":{"line":1,"column":25},"end":{"line":6,"column":1}},"1":{"start":{"line":2,"column":4},"end":{"line":5,"column":6}},"2":{"start":{"line":8,"column":27},"end":{"line":13,"column":1}},"3":{"start":{"line":9,"column":4},"end":{"line":12,"column":6}},"4":{"start":{"line":15,"column":24},"end":{"line":20,"column":1}},"5":{"start":{"line":16,"column":4},"end":{"line":19,"column":6}},"6":{"start":{"line":22,"column":25},"end":{"line":27,"column":1}},"7":{"start":{"line":23,"column":4},"end":{"line":26,"column":6}}},"fnMap":{"0":{"name":"(anonymous_0)","decl":{"start":{"line":1,"column":25},"end":{"line":1,"column":26}},"loc":{"start":{"line":1,"column":35},"end":{"line":6,"column":1}},"line":1},"1":{"name":"(anonymous_1)","decl":{"start":{"line":8,"column":27},"end":{"line":8,"column":28}},"loc":{"start":{"line":8,"column":37},"end":{"line":13,"column":1}},"line":8},"2":{"name":"(anonymous_2)","decl":{"start":{"line":15,"column":24},"end":{"line":15,"column":25}},"loc":{"start":{"line":15,"column":34},"end":{"line":20,"column":1}},"line":15},"3":{"name":"(anonymous_3)","decl":{"start":{"line":22,"column":25},"end":{"line":22,"column":26}},"loc":{"start":{"line":22,"column":36},"end":{"line":27,"column":1}},"line":22}},"branchMap":{},"s":{"0":2,"1":12,"2":2,"3":4,"4":2,"5":4,"6":2,"7":3},"f":{"0":12,"1":4,"2":4,"3":3},"b":{},"_coverageSchema":"1a1c01bbd47fc00a2c39e90264f33305004495a9","hash":"cb54238b13687647b502449453a57553bf5da3f0"}
,"C:\\Users\\077863\\Documents\\my-weather-app\\src\\components\\reducers\\HomeReducer.js": {"path":"C:\\Users\\077863\\Documents\\my-weather-app\\src\\components\\reducers\\HomeReducer.js","statementMap":{"0":{"start":{"line":1,"column":20},"end":{"line":10,"column":1}},"1":{"start":{"line":2,"column":4},"end":{"line":9,"column":5}},"2":{"start":{"line":4,"column":12},"end":{"line":4,"column":41}},"3":{"start":{"line":6,"column":12},"end":{"line":6,"column":41}},"4":{"start":{"line":8,"column":12},"end":{"line":8,"column":24}}},"fnMap":{"0":{"name":"(anonymous_0)","decl":{"start":{"line":1,"column":20},"end":{"line":1,"column":21}},"loc":{"start":{"line":1,"column":43},"end":{"line":10,"column":1}},"line":1}},"branchMap":{"0":{"loc":{"start":{"line":1,"column":21},"end":{"line":1,"column":30}},"type":"default-arg","locations":[{"start":{"line":1,"column":29},"end":{"line":1,"column":30}}],"line":1},"1":{"loc":{"start":{"line":2,"column":4},"end":{"line":9,"column":5}},"type":"switch","locations":[{"start":{"line":3,"column":8},"end":{"line":4,"column":41}},{"start":{"line":5,"column":8},"end":{"line":6,"column":41}},{"start":{"line":7,"column":8},"end":{"line":8,"column":24}}],"line":2}},"s":{"0":4,"1":32,"2":0,"3":0,"4":32},"f":{"0":32},"b":{"0":[12],"1":[0,0,32]},"_coverageSchema":"1a1c01bbd47fc00a2c39e90264f33305004495a9","hash":"05228c3cafb3dde03decd1163a1789c03cd3cb5b"}
,"C:\\Users\\077863\\Documents\\my-weather-app\\src\\components\\reducers\\aboutReducer.js": {"path":"C:\\Users\\077863\\Documents\\my-weather-app\\src\\components\\reducers\\aboutReducer.js","statementMap":{"0":{"start":{"line":1,"column":21},"end":{"line":8,"column":1}},"1":{"start":{"line":2,"column":4},"end":{"line":7,"column":5}},"2":{"start":{"line":4,"column":12},"end":{"line":4,"column":33}},"3":{"start":{"line":6,"column":12},"end":{"line":6,"column":24}}},"fnMap":{"0":{"name":"(anonymous_0)","decl":{"start":{"line":1,"column":21},"end":{"line":1,"column":22}},"loc":{"start":{"line":1,"column":47},"end":{"line":8,"column":1}},"line":1}},"branchMap":{"0":{"loc":{"start":{"line":1,"column":22},"end":{"line":1,"column":34}},"type":"default-arg","locations":[{"start":{"line":1,"column":30},"end":{"line":1,"column":34}}],"line":1},"1":{"loc":{"start":{"line":2,"column":4},"end":{"line":7,"column":5}},"type":"switch","locations":[{"start":{"line":3,"column":8},"end":{"line":4,"column":33}},{"start":{"line":5,"column":8},"end":{"line":6,"column":24}}],"line":2}},"s":{"0":4,"1":35,"2":1,"3":34},"f":{"0":35},"b":{"0":[14],"1":[1,34]},"_coverageSchema":"1a1c01bbd47fc00a2c39e90264f33305004495a9","hash":"e703dc0064ea6df94b818014dc4835412725921b"}
,"C:\\Users\\077863\\Documents\\my-weather-app\\src\\components\\reducers\\contactReducer.js": {"path":"C:\\Users\\077863\\Documents\\my-weather-app\\src\\components\\reducers\\contactReducer.js","statementMap":{"0":{"start":{"line":1,"column":13},"end":{"line":7,"column":1}},"1":{"start":{"line":9,"column":23},"end":{"line":39,"column":1}},"2":{"start":{"line":10,"column":4},"end":{"line":38,"column":5}},"3":{"start":{"line":12,"column":12},"end":{"line":15,"column":13}},"4":{"start":{"line":17,"column":12},"end":{"line":20,"column":13}},"5":{"start":{"line":22,"column":12},"end":{"line":25,"column":13}},"6":{"start":{"line":27,"column":12},"end":{"line":30,"column":13}},"7":{"start":{"line":32,"column":12},"end":{"line":35,"column":13}},"8":{"start":{"line":37,"column":12},"end":{"line":37,"column":24}}},"fnMap":{"0":{"name":"(anonymous_0)","decl":{"start":{"line":9,"column":23},"end":{"line":9,"column":24}},"loc":{"start":{"line":9,"column":49},"end":{"line":39,"column":1}},"line":9}},"branchMap":{"0":{"loc":{"start":{"line":9,"column":24},"end":{"line":9,"column":36}},"type":"default-arg","locations":[{"start":{"line":9,"column":32},"end":{"line":9,"column":36}}],"line":9},"1":{"loc":{"start":{"line":10,"column":4},"end":{"line":38,"column":5}},"type":"switch","locations":[{"start":{"line":11,"column":8},"end":{"line":15,"column":13}},{"start":{"line":16,"column":8},"end":{"line":20,"column":13}},{"start":{"line":21,"column":8},"end":{"line":25,"column":13}},{"start":{"line":26,"column":8},"end":{"line":30,"column":13}},{"start":{"line":31,"column":8},"end":{"line":35,"column":13}},{"start":{"line":36,"column":8},"end":{"line":37,"column":24}}],"line":10}},"s":{"0":4,"1":4,"2":38,"3":2,"4":2,"5":2,"6":2,"7":2,"8":28},"f":{"0":38},"b":{"0":[18],"1":[2,2,2,2,2,28]},"_coverageSchema":"1a1c01bbd47fc00a2c39e90264f33305004495a9","hash":"1ca372a4c9502d8f6c105f10029b489af105d244"}
,"C:\\Users\\077863\\Documents\\my-weather-app\\src\\components\\reducers\\weatherReducer.js": {"path":"C:\\Users\\077863\\Documents\\my-weather-app\\src\\components\\reducers\\weatherReducer.js","statementMap":{"0":{"start":{"line":1,"column":13},"end":{"line":6,"column":1}},"1":{"start":{"line":8,"column":23},"end":{"line":33,"column":1}},"2":{"start":{"line":9,"column":4},"end":{"line":32,"column":5}},"3":{"start":{"line":11,"column":12},"end":{"line":14,"column":13}},"4":{"start":{"line":16,"column":12},"end":{"line":19,"column":13}},"5":{"start":{"line":21,"column":12},"end":{"line":24,"column":13}},"6":{"start":{"line":26,"column":12},"end":{"line":29,"column":13}},"7":{"start":{"line":31,"column":12},"end":{"line":31,"column":24}}},"fnMap":{"0":{"name":"(anonymous_0)","decl":{"start":{"line":8,"column":23},"end":{"line":8,"column":24}},"loc":{"start":{"line":8,"column":49},"end":{"line":33,"column":1}},"line":8}},"branchMap":{"0":{"loc":{"start":{"line":8,"column":24},"end":{"line":8,"column":36}},"type":"default-arg","locations":[{"start":{"line":8,"column":32},"end":{"line":8,"column":36}}],"line":8},"1":{"loc":{"start":{"line":9,"column":4},"end":{"line":32,"column":5}},"type":"switch","locations":[{"start":{"line":10,"column":8},"end":{"line":14,"column":13}},{"start":{"line":15,"column":8},"end":{"line":19,"column":13}},{"start":{"line":20,"column":8},"end":{"line":24,"column":13}},{"start":{"line":25,"column":8},"end":{"line":29,"column":13}},{"start":{"line":30,"column":8},"end":{"line":31,"column":24}}],"line":9}},"s":{"0":4,"1":4,"2":32,"3":10,"4":2,"5":2,"6":1,"7":17},"f":{"0":32},"b":{"0":[12],"1":[10,2,2,1,17]},"_coverageSchema":"1a1c01bbd47fc00a2c39e90264f33305004495a9","hash":"57f74e62d4bf2a069aaeaaee9419c6f09cb9f171"}
}
