TN:
SF:src\App.js
FN:13,App
FNF:1
FNH:1
FNDA:7,App
DA:14,7
LF:1
LH:1
BRF:0
BRH:0
end_of_record
TN:
SF:src\index.js
FNF:0
FNH:0
DA:10,0
DA:15,0
LF:2
LH:0
BRDA:12,0,0,0
BRDA:12,0,1,0
BRF:2
BRH:0
end_of_record
TN:
SF:src\reportWebVitals.js
FN:1,(anonymous_0)
FN:3,(anonymous_1)
FNF:2
FNH:0
FNDA:0,(anonymous_0)
FNDA:0,(anonymous_1)
DA:1,0
DA:2,0
DA:3,0
DA:4,0
DA:5,0
DA:6,0
DA:7,0
DA:8,0
LF:8
LH:0
BRDA:2,0,0,0
BRDA:2,0,1,0
BRDA:2,1,0,0
BRDA:2,1,1,0
BRF:4
BRH:0
end_of_record
TN:
SF:src\components\About.js
FN:9,About
FN:38,(anonymous_1)
FN:41,(anonymous_2)
FN:55,(anonymous_3)
FN:59,(anonymous_4)
FN:61,(anonymous_5)
FNF:6
FNH:4
FNDA:2,About
FNDA:0,(anonymous_1)
FNDA:12,(anonymous_2)
FNDA:2,(anonymous_3)
FNDA:2,(anonymous_4)
FNDA:0,(anonymous_5)
DA:15,2
DA:25,2
DA:27,2
DA:38,0
DA:41,12
DA:55,2
DA:59,2
DA:60,2
DA:61,0
LF:9
LH:7
BRDA:44,0,0,2
BRDA:44,0,1,1
BRF:2
BRH:2
end_of_record
TN:
SF:src\components\Contact.js
FN:10,(anonymous_0)
FN:39,(anonymous_1)
FN:58,(anonymous_2)
FN:118,(anonymous_3)
FN:126,(anonymous_4)
FN:128,(anonymous_5)
FN:129,(anonymous_6)
FN:130,(anonymous_7)
FN:131,(anonymous_8)
FN:132,(anonymous_9)
FNF:10
FNH:10
FNDA:4,(anonymous_0)
FNDA:1,(anonymous_1)
FNDA:8,(anonymous_2)
FNDA:8,(anonymous_3)
FNDA:3,(anonymous_4)
FNDA:1,(anonymous_5)
FNDA:1,(anonymous_6)
FNDA:1,(anonymous_7)
FNDA:1,(anonymous_8)
FNDA:1,(anonymous_9)
DA:10,3
DA:11,4
DA:12,4
DA:13,4
DA:17,4
DA:19,1
DA:20,1
DA:22,1
DA:23,1
DA:25,1
DA:26,1
DA:28,1
DA:29,1
DA:31,0
DA:39,3
DA:40,1
DA:51,1
DA:53,1
DA:55,1
DA:59,8
DA:118,8
DA:126,2
DA:127,3
DA:128,1
DA:129,1
DA:130,1
DA:131,1
DA:132,1
LF:28
LH:27
BRDA:17,0,0,1
BRDA:17,0,1,1
BRDA:17,0,2,1
BRDA:17,0,3,1
BRDA:17,0,4,0
BRDA:100,1,0,8
BRDA:100,1,1,1
BRF:7
BRH:6
end_of_record
TN:
SF:src\components\Home.js
FN:5,Home
FN:20,(anonymous_1)
FN:21,(anonymous_2)
FN:27,(anonymous_3)
FN:31,(anonymous_4)
FN:33,(anonymous_5)
FN:34,(anonymous_6)
FNF:7
FNH:3
FNDA:3,Home
FNDA:0,(anonymous_1)
FNDA:0,(anonymous_2)
FNDA:3,(anonymous_3)
FNDA:3,(anonymous_4)
FNDA:0,(anonymous_5)
FNDA:0,(anonymous_6)
DA:7,3
DA:13,3
DA:20,0
DA:21,0
DA:27,3
DA:31,1
DA:32,3
DA:33,0
DA:34,0
LF:9
LH:5
BRF:0
BRH:0
end_of_record
TN:
SF:src\components\NavbarMenu.js
FN:5,NavbarMenu
FNF:1
FNH:1
FNDA:6,NavbarMenu
DA:6,6
LF:1
LH:1
BRF:0
BRH:0
end_of_record
TN:
SF:src\components\NoMatch.js
FN:2,NoMatch
FNF:1
FNH:1
FNDA:1,NoMatch
DA:3,1
LF:1
LH:1
BRF:0
BRH:0
end_of_record
TN:
SF:src\components\Weather.js
FN:9,Weather
FN:21,checkResponse
FN:31,(anonymous_2)
FN:34,(anonymous_3)
FN:35,(anonymous_4)
FN:36,(anonymous_5)
FN:39,cleanup
FN:45,(anonymous_7)
FN:68,(anonymous_8)
FN:98,(anonymous_9)
FN:105,(anonymous_10)
FN:107,(anonymous_11)
FN:108,(anonymous_12)
FN:109,(anonymous_13)
FN:110,(anonymous_14)
FNF:15
FNH:14
FNDA:13,Weather
FNDA:2,checkResponse
FNDA:8,(anonymous_2)
FNDA:2,(anonymous_3)
FNDA:2,(anonymous_4)
FNDA:0,(anonymous_5)
FNDA:8,cleanup
FNDA:2,(anonymous_7)
FNDA:2,(anonymous_8)
FNDA:15,(anonymous_9)
FNDA:4,(anonymous_10)
FNDA:10,(anonymous_11)
FNDA:2,(anonymous_12)
FNDA:2,(anonymous_13)
FNDA:1,(anonymous_14)
DA:19,13
DA:22,2
DA:23,1
DA:25,1
DA:31,13
DA:32,8
DA:33,2
DA:34,2
DA:35,2
DA:36,0
DA:39,8
DA:40,8
DA:45,13
DA:46,2
DA:48,2
DA:49,2
DA:59,13
DA:60,11
DA:68,2
DA:94,2
DA:98,15
DA:105,2
DA:106,4
DA:107,10
DA:108,2
DA:109,2
DA:110,1
LF:27
LH:26
BRDA:22,0,0,1
BRDA:22,0,1,1
BRDA:32,1,0,2
BRDA:32,1,1,6
BRDA:59,2,0,11
BRDA:59,2,1,2
BRDA:79,3,0,11
BRDA:79,3,1,5
BRF:8
BRH:8
end_of_record
TN:
SF:src\components\store.js
FNF:0
FNH:0
DA:7,4
LF:1
LH:1
BRF:0
BRH:0
end_of_record
TN:
SF:src\components\test.utils.js
FN:9,render
FN:18,Wrapper
FNF:2
FNH:2
FNDA:1,render
FNDA:1,Wrapper
DA:19,1
DA:21,1
LF:2
LH:2
BRDA:11,0,0,0
BRDA:14,1,0,1
BRF:2
BRH:1
end_of_record
TN:
SF:src\components\actions\HomeAction.js
FN:1,(anonymous_0)
FN:8,(anonymous_1)
FNF:2
FNH:0
FNDA:0,(anonymous_0)
FNDA:0,(anonymous_1)
DA:1,1
DA:2,0
DA:8,1
DA:9,0
LF:4
LH:2
BRF:0
BRH:0
end_of_record
TN:
SF:src\components\actions\aboutAction.js
FN:1,(anonymous_0)
FNF:1
FNH:1
FNDA:3,(anonymous_0)
DA:1,2
DA:2,3
LF:2
LH:2
BRF:0
BRH:0
end_of_record
TN:
SF:src\components\actions\contactAction.js
FN:1,(anonymous_0)
FN:8,(anonymous_1)
FN:15,(anonymous_2)
FN:22,(anonymous_3)
FN:29,(anonymous_4)
FNF:5
FNH:5
FNDA:3,(anonymous_0)
FNDA:3,(anonymous_1)
FNDA:3,(anonymous_2)
FNDA:3,(anonymous_3)
FNDA:3,(anonymous_4)
DA:1,2
DA:2,3
DA:8,2
DA:9,3
DA:15,2
DA:16,3
DA:22,2
DA:23,3
DA:29,2
DA:30,3
LF:10
LH:10
BRF:0
BRH:0
end_of_record
TN:
SF:src\components\actions\weatherAction.js
FN:1,(anonymous_0)
FN:8,(anonymous_1)
FN:15,(anonymous_2)
FN:22,(anonymous_3)
FNF:4
FNH:4
FNDA:12,(anonymous_0)
FNDA:4,(anonymous_1)
FNDA:4,(anonymous_2)
FNDA:3,(anonymous_3)
DA:1,2
DA:2,12
DA:8,2
DA:9,4
DA:15,2
DA:16,4
DA:22,2
DA:23,3
LF:8
LH:8
BRF:0
BRH:0
end_of_record
TN:
SF:src\components\reducers\HomeReducer.js
FN:1,(anonymous_0)
FNF:1
FNH:1
FNDA:32,(anonymous_0)
DA:1,4
DA:2,32
DA:4,0
DA:6,0
DA:8,32
LF:5
LH:3
BRDA:1,0,0,12
BRDA:2,1,0,0
BRDA:2,1,1,0
BRDA:2,1,2,32
BRF:4
BRH:2
end_of_record
TN:
SF:src\components\reducers\aboutReducer.js
FN:1,(anonymous_0)
FNF:1
FNH:1
FNDA:35,(anonymous_0)
DA:1,4
DA:2,35
DA:4,1
DA:6,34
LF:4
LH:4
BRDA:1,0,0,14
BRDA:2,1,0,1
BRDA:2,1,1,34
BRF:3
BRH:3
end_of_record
TN:
SF:src\components\reducers\contactReducer.js
FN:9,(anonymous_0)
FNF:1
FNH:1
FNDA:38,(anonymous_0)
DA:1,4
DA:9,4
DA:10,38
DA:12,2
DA:17,2
DA:22,2
DA:27,2
DA:32,2
DA:37,28
LF:9
LH:9
BRDA:9,0,0,18
BRDA:10,1,0,2
BRDA:10,1,1,2
BRDA:10,1,2,2
BRDA:10,1,3,2
BRDA:10,1,4,2
BRDA:10,1,5,28
BRF:7
BRH:7
end_of_record
TN:
SF:src\components\reducers\weatherReducer.js
FN:8,(anonymous_0)
FNF:1
FNH:1
FNDA:32,(anonymous_0)
DA:1,4
DA:8,4
DA:9,32
DA:11,10
DA:16,2
DA:21,2
DA:26,1
DA:31,17
LF:8
LH:8
BRDA:8,0,0,12
BRDA:9,1,0,10
BRDA:9,1,1,2
BRDA:9,1,2,2
BRDA:9,1,3,1
BRDA:9,1,4,17
BRF:6
BRH:6
end_of_record
